{"/Users/mamunurrashid/Projects/experiments/github-action-exp/svg.transform.ts": {"path":"/Users/mamunurrashid/Projects/experiments/github-action-exp/svg.transform.ts","statementMap":{"0":{"start":{"line":1,"column":0},"end":{"line":1,"column":21}}},"fnMap":{},"branchMap":{},"s":{"0":1},"f":{},"b":{}}
,"/Users/mamunurrashid/Projects/experiments/github-action-exp/src/App.tsx": {"path":"/Users/mamunurrashid/Projects/experiments/github-action-exp/src/App.tsx","statementMap":{"0":{"start":{"line":1,"column":0},"end":{"line":1,"column":33}},"1":{"start":{"line":2,"column":0},"end":{"line":2,"column":43}},"2":{"start":{"line":3,"column":0},"end":{"line":3,"column":33}},"3":{"start":{"line":4,"column":0},"end":{"line":4,"column":19}},"4":{"start":{"line":5,"column":0},"end":{"line":5,"column":45}},"5":{"start":{"line":8,"column":28},"end":{"line":8,"column":39}},"6":{"start":{"line":10,"column":2},"end":{"line":34,"column":4}},"7":{"start":{"line":22,"column":31},"end":{"line":22,"column":61}},"8":{"start":{"line":22,"column":51},"end":{"line":22,"column":60}},"9":{"start":{"line":37,"column":0},"end":{"line":37,"column":19}}},"fnMap":{"0":{"name":"App","decl":{"start":{"line":7,"column":9},"end":{"line":7,"column":12}},"loc":{"start":{"line":7,"column":12},"end":{"line":35,"column":1}}},"1":{"name":"(anonymous_2)","decl":{"start":{"line":22,"column":25},"end":{"line":22,"column":28}},"loc":{"start":{"line":22,"column":31},"end":{"line":22,"column":61}}},"2":{"name":"(anonymous_3)","decl":{"start":{"line":22,"column":40},"end":{"line":22,"column":41}},"loc":{"start":{"line":22,"column":51},"end":{"line":22,"column":60}}}},"branchMap":{},"s":{"0":1,"1":1,"2":1,"3":1,"4":1,"5":5,"6":5,"7":1,"8":1,"9":1},"f":{"0":5,"1":1,"2":1},"b":{}}
,"/Users/mamunurrashid/Projects/experiments/github-action-exp/src/components/TestForm.tsx": {"path":"/Users/mamunurrashid/Projects/experiments/github-action-exp/src/components/TestForm.tsx","statementMap":{"0":{"start":{"line":3,"column":0},"end":{"line":3,"column":24}},"1":{"start":{"line":1,"column":0},"end":{"line":1,"column":33}},"2":{"start":{"line":4,"column":38},"end":{"line":4,"column":50}},"3":{"start":{"line":6,"column":2},"end":{"line":17,"column":4}},"4":{"start":{"line":13,"column":25},"end":{"line":13,"column":54}}},"fnMap":{"0":{"name":"TestForm","decl":{"start":{"line":3,"column":24},"end":{"line":3,"column":32}},"loc":{"start":{"line":3,"column":32},"end":{"line":18,"column":1}}},"1":{"name":"(anonymous_1)","decl":{"start":{"line":13,"column":18},"end":{"line":13,"column":19}},"loc":{"start":{"line":13,"column":25},"end":{"line":13,"column":54}}}},"branchMap":{},"s":{"0":2,"1":2,"2":7,"3":7,"4":1},"f":{"0":7,"1":1},"b":{}}
}
