TN:
SF:svg.transform.ts
FNF:0
FNH:0
DA:1,1
LF:1
LH:1
BRF:0
BRH:0
end_of_record
TN:
SF:src/App.tsx
FN:7,App
FN:22,(anonymous_2)
FN:22,(anonymous_3)
FNF:3
FNH:3
FNDA:5,App
FNDA:1,(anonymous_2)
FNDA:1,(anonymous_3)
DA:1,1
DA:2,1
DA:3,1
DA:4,1
DA:5,1
DA:8,5
DA:10,5
DA:22,1
DA:37,1
LF:9
LH:9
BRF:0
BRH:0
end_of_record
TN:
SF:src/components/TestForm.tsx
FN:3,TestForm
FN:13,(anonymous_1)
FNF:2
FNH:2
FNDA:7,TestForm
FNDA:1,(anonymous_1)
DA:1,2
DA:3,2
DA:4,7
DA:6,7
DA:13,1
LF:5
LH:5
BRF:0
BRH:0
end_of_record
